1732587661.923531 client started (52603): version 3.4, socket /private/tmp/tmux-501/default, protocol 8
1732587661.923633 on Darwin 24.0.0 Darwin Kernel Version 24.0.0: Mon Aug 12 20:52:31 PDT 2024; root:xnu-11215.1.10~2/RELEASE_ARM64_T6030
1732587661.923654 using libevent 2.1.12-stable select
1732587661.924120 using utf8proc 2.9.0
1732587661.924142 using ncurses 6.5 20240427
1732587661.924167 flags are 0x10010000
1732587661.924177 socket is /private/tmp/tmux-501/default
1732587661.924199 trying connect
1732587661.924259 add peer 0x138048000: 6 (0x0)
1732587661.927374 sending message 100 to peer 0x138048000 (4 bytes)
1732587661.927405 sending message 111 to peer 0x138048000 (8 bytes)
1732587661.927415 sending message 101 to peer 0x138048000 (15 bytes)
1732587661.927424 sending message 109 to peer 0x138048000 (4 bytes)
1732587661.927431 sending message 102 to peer 0x138048000 (13 bytes)
1732587661.927438 sending message 108 to peer 0x138048000 (22 bytes)
1732587661.927446 sending message 112 to peer 0x138048000 (58 bytes)
1732587661.927453 sending message 112 to peer 0x138048000 (5 bytes)
1732587661.927460 sending message 112 to peer 0x138048000 (5 bytes)
1732587661.927467 sending message 112 to peer 0x138048000 (6 bytes)
1732587661.927474 sending message 112 to peer 0x138048000 (6 bytes)
1732587661.927481 sending message 112 to peer 0x138048000 (11 bytes)
1732587661.927487 sending message 112 to peer 0x138048000 (10 bytes)
1732587661.927494 sending message 112 to peer 0x138048000 (13 bytes)
1732587661.927500 sending message 112 to peer 0x138048000 (14 bytes)
1732587661.927507 sending message 112 to peer 0x138048000 (19 bytes)
1732587661.927513 sending message 112 to peer 0x138048000 (11 bytes)
1732587661.927519 sending message 112 to peer 0x138048000 (10 bytes)
1732587661.927526 sending message 112 to peer 0x138048000 (15 bytes)
1732587661.927532 sending message 112 to peer 0x138048000 (21 bytes)
1732587661.927539 sending message 112 to peer 0x138048000 (13 bytes)
1732587661.927545 sending message 112 to peer 0x138048000 (7 bytes)
1732587661.927552 sending message 112 to peer 0x138048000 (13 bytes)
1732587661.927558 sending message 112 to peer 0x138048000 (7 bytes)
1732587661.927564 sending message 112 to peer 0x138048000 (13 bytes)
1732587661.927571 sending message 112 to peer 0x138048000 (9 bytes)
1732587661.927577 sending message 112 to peer 0x138048000 (21 bytes)
1732587661.927584 sending message 112 to peer 0x138048000 (13 bytes)
1732587661.927590 sending message 112 to peer 0x138048000 (9 bytes)
1732587661.927596 sending message 112 to peer 0x138048000 (16 bytes)
1732587661.927603 sending message 112 to peer 0x138048000 (13 bytes)
1732587661.927609 sending message 112 to peer 0x138048000 (9 bytes)
1732587661.927615 sending message 112 to peer 0x138048000 (9 bytes)
1732587661.927622 sending message 112 to peer 0x138048000 (12 bytes)
1732587661.927628 sending message 112 to peer 0x138048000 (8 bytes)
1732587661.927634 sending message 112 to peer 0x138048000 (8 bytes)
1732587661.927641 sending message 112 to peer 0x138048000 (13 bytes)
1732587661.927647 sending message 112 to peer 0x138048000 (7 bytes)
1732587661.927653 sending message 112 to peer 0x138048000 (7 bytes)
1732587661.927660 sending message 112 to peer 0x138048000 (9 bytes)
1732587661.927666 sending message 112 to peer 0x138048000 (9 bytes)
1732587661.927672 sending message 112 to peer 0x138048000 (15 bytes)
1732587661.927679 sending message 112 to peer 0x138048000 (13 bytes)
1732587661.927685 sending message 112 to peer 0x138048000 (12 bytes)
1732587661.927692 sending message 112 to peer 0x138048000 (8 bytes)
1732587661.927698 sending message 112 to peer 0x138048000 (14 bytes)
1732587661.927704 sending message 112 to peer 0x138048000 (11 bytes)
1732587661.927711 sending message 112 to peer 0x138048000 (9 bytes)
1732587661.927717 sending message 112 to peer 0x138048000 (10 bytes)
1732587661.927723 sending message 112 to peer 0x138048000 (10 bytes)
1732587661.927730 sending message 112 to peer 0x138048000 (10 bytes)
1732587661.927736 sending message 112 to peer 0x138048000 (10 bytes)
1732587661.927756 sending message 112 to peer 0x138048000 (11 bytes)
1732587661.927761 sending message 112 to peer 0x138048000 (12 bytes)
1732587661.927765 sending message 112 to peer 0x138048000 (12 bytes)
1732587661.927770 sending message 112 to peer 0x138048000 (12 bytes)
1732587661.927774 sending message 112 to peer 0x138048000 (12 bytes)
1732587661.927779 sending message 112 to peer 0x138048000 (12 bytes)
1732587661.927783 sending message 112 to peer 0x138048000 (11 bytes)
1732587661.927788 sending message 112 to peer 0x138048000 (11 bytes)
1732587661.927792 sending message 112 to peer 0x138048000 (12 bytes)
1732587661.927796 sending message 112 to peer 0x138048000 (12 bytes)
1732587661.927801 sending message 112 to peer 0x138048000 (12 bytes)
1732587661.927805 sending message 112 to peer 0x138048000 (12 bytes)
1732587661.927810 sending message 112 to peer 0x138048000 (12 bytes)
1732587661.927814 sending message 112 to peer 0x138048000 (9 bytes)
1732587661.927819 sending message 112 to peer 0x138048000 (12 bytes)
1732587661.927823 sending message 112 to peer 0x138048000 (13 bytes)
1732587661.927827 sending message 112 to peer 0x138048000 (13 bytes)
1732587661.927832 sending message 112 to peer 0x138048000 (13 bytes)
1732587661.927836 sending message 112 to peer 0x138048000 (13 bytes)
1732587661.927840 sending message 112 to peer 0x138048000 (13 bytes)
1732587661.927845 sending message 112 to peer 0x138048000 (8 bytes)
1732587661.927849 sending message 112 to peer 0x138048000 (11 bytes)
1732587661.927854 sending message 112 to peer 0x138048000 (11 bytes)
1732587661.927858 sending message 112 to peer 0x138048000 (11 bytes)
1732587661.927862 sending message 112 to peer 0x138048000 (12 bytes)
1732587661.927867 sending message 112 to peer 0x138048000 (12 bytes)
1732587661.927871 sending message 112 to peer 0x138048000 (12 bytes)
1732587661.927875 sending message 112 to peer 0x138048000 (12 bytes)
1732587661.927880 sending message 112 to peer 0x138048000 (13 bytes)
1732587661.927884 sending message 112 to peer 0x138048000 (13 bytes)
1732587661.927888 sending message 112 to peer 0x138048000 (13 bytes)
1732587661.927893 sending message 112 to peer 0x138048000 (8 bytes)
1732587661.927897 sending message 112 to peer 0x138048000 (13 bytes)
1732587661.927901 sending message 112 to peer 0x138048000 (13 bytes)
1732587661.927906 sending message 112 to peer 0x138048000 (13 bytes)
1732587661.927910 sending message 112 to peer 0x138048000 (13 bytes)
1732587661.927914 sending message 112 to peer 0x138048000 (13 bytes)
1732587661.927919 sending message 112 to peer 0x138048000 (12 bytes)
1732587661.927923 sending message 112 to peer 0x138048000 (12 bytes)
1732587661.927928 sending message 112 to peer 0x138048000 (12 bytes)
1732587661.927932 sending message 112 to peer 0x138048000 (12 bytes)
1732587661.927936 sending message 112 to peer 0x138048000 (13 bytes)
1732587661.927941 sending message 112 to peer 0x138048000 (8 bytes)
1732587661.927945 sending message 112 to peer 0x138048000 (13 bytes)
1732587661.927950 sending message 112 to peer 0x138048000 (13 bytes)
1732587661.927954 sending message 112 to peer 0x138048000 (13 bytes)
1732587661.927959 sending message 112 to peer 0x138048000 (13 bytes)
1732587661.927963 sending message 112 to peer 0x138048000 (13 bytes)
1732587661.927967 sending message 112 to peer 0x138048000 (13 bytes)
1732587661.927972 sending message 112 to peer 0x138048000 (13 bytes)
1732587661.927976 sending message 112 to peer 0x138048000 (12 bytes)
1732587661.927980 sending message 112 to peer 0x138048000 (12 bytes)
1732587661.927985 sending message 112 to peer 0x138048000 (12 bytes)
1732587661.927989 sending message 112 to peer 0x138048000 (8 bytes)
1732587661.927994 sending message 112 to peer 0x138048000 (12 bytes)
1732587661.927998 sending message 112 to peer 0x138048000 (13 bytes)
1732587661.928002 sending message 112 to peer 0x138048000 (13 bytes)
1732587661.928007 sending message 112 to peer 0x138048000 (13 bytes)
1732587661.928011 sending message 112 to peer 0x138048000 (13 bytes)
1732587661.928015 sending message 112 to peer 0x138048000 (13 bytes)
1732587661.928029 sending message 112 to peer 0x138048000 (13 bytes)
1732587661.928034 sending message 112 to peer 0x138048000 (13 bytes)
1732587661.928038 sending message 112 to peer 0x138048000 (13 bytes)
1732587661.928043 sending message 112 to peer 0x138048000 (12 bytes)
1732587661.928047 sending message 112 to peer 0x138048000 (10 bytes)
1732587661.928052 sending message 112 to peer 0x138048000 (12 bytes)
1732587661.928056 sending message 112 to peer 0x138048000 (12 bytes)
1732587661.928061 sending message 112 to peer 0x138048000 (12 bytes)
1732587661.928065 sending message 112 to peer 0x138048000 (13 bytes)
1732587661.928069 sending message 112 to peer 0x138048000 (13 bytes)
1732587661.928074 sending message 112 to peer 0x138048000 (13 bytes)
1732587661.928078 sending message 112 to peer 0x138048000 (13 bytes)
1732587661.928083 sending message 112 to peer 0x138048000 (13 bytes)
1732587661.928087 sending message 112 to peer 0x138048000 (13 bytes)
1732587661.928091 sending message 112 to peer 0x138048000 (13 bytes)
1732587661.928096 sending message 112 to peer 0x138048000 (10 bytes)
1732587661.928100 sending message 112 to peer 0x138048000 (13 bytes)
1732587661.928105 sending message 112 to peer 0x138048000 (12 bytes)
1732587661.928109 sending message 112 to peer 0x138048000 (12 bytes)
1732587661.928113 sending message 112 to peer 0x138048000 (12 bytes)
1732587661.928118 sending message 112 to peer 0x138048000 (10 bytes)
1732587661.928122 sending message 112 to peer 0x138048000 (10 bytes)
1732587661.928126 sending message 112 to peer 0x138048000 (10 bytes)
1732587661.928131 sending message 112 to peer 0x138048000 (12 bytes)
1732587661.928135 sending message 112 to peer 0x138048000 (13 bytes)
1732587661.928139 sending message 112 to peer 0x138048000 (13 bytes)
1732587661.928144 sending message 112 to peer 0x138048000 (13 bytes)
1732587661.928148 sending message 112 to peer 0x138048000 (13 bytes)
1732587661.928153 sending message 112 to peer 0x138048000 (13 bytes)
1732587661.928157 sending message 112 to peer 0x138048000 (10 bytes)
1732587661.928161 sending message 112 to peer 0x138048000 (11 bytes)
1732587661.928166 sending message 112 to peer 0x138048000 (12 bytes)
1732587661.928170 sending message 112 to peer 0x138048000 (12 bytes)
1732587661.928175 sending message 112 to peer 0x138048000 (12 bytes)
1732587661.928179 sending message 112 to peer 0x138048000 (12 bytes)
1732587661.928183 sending message 112 to peer 0x138048000 (12 bytes)
1732587661.928188 sending message 112 to peer 0x138048000 (11 bytes)
1732587661.928192 sending message 112 to peer 0x138048000 (12 bytes)
1732587661.928196 sending message 112 to peer 0x138048000 (12 bytes)
1732587661.928201 sending message 112 to peer 0x138048000 (13 bytes)
1732587661.928205 sending message 112 to peer 0x138048000 (13 bytes)
1732587661.928209 sending message 112 to peer 0x138048000 (13 bytes)
1732587661.928214 sending message 112 to peer 0x138048000 (13 bytes)
1732587661.928218 sending message 112 to peer 0x138048000 (13 bytes)
1732587661.928222 sending message 112 to peer 0x138048000 (10 bytes)
1732587661.928227 sending message 112 to peer 0x138048000 (9 bytes)
1732587661.928231 sending message 112 to peer 0x138048000 (12 bytes)
1732587661.928236 sending message 112 to peer 0x138048000 (13 bytes)
1732587661.928240 sending message 112 to peer 0x138048000 (13 bytes)
1732587661.928244 sending message 112 to peer 0x138048000 (13 bytes)
1732587661.928249 sending message 112 to peer 0x138048000 (13 bytes)
1732587661.928253 sending message 112 to peer 0x138048000 (13 bytes)
1732587661.928258 sending message 112 to peer 0x138048000 (9 bytes)
1732587661.928262 sending message 112 to peer 0x138048000 (12 bytes)
1732587661.928267 sending message 112 to peer 0x138048000 (13 bytes)
1732587661.928271 sending message 112 to peer 0x138048000 (13 bytes)
1732587661.928276 sending message 112 to peer 0x138048000 (13 bytes)
1732587661.928280 sending message 112 to peer 0x138048000 (13 bytes)
1732587661.928285 sending message 112 to peer 0x138048000 (13 bytes)
1732587661.928297 sending message 112 to peer 0x138048000 (11 bytes)
1732587661.928301 sending message 112 to peer 0x138048000 (12 bytes)
1732587661.928306 sending message 112 to peer 0x138048000 (13 bytes)
1732587661.928310 sending message 112 to peer 0x138048000 (13 bytes)
1732587661.928314 sending message 112 to peer 0x138048000 (13 bytes)
1732587661.928319 sending message 112 to peer 0x138048000 (13 bytes)
1732587661.928323 sending message 112 to peer 0x138048000 (13 bytes)
1732587661.928327 sending message 112 to peer 0x138048000 (11 bytes)
1732587661.928332 sending message 112 to peer 0x138048000 (12 bytes)
1732587661.928336 sending message 112 to peer 0x138048000 (12 bytes)
1732587661.928341 sending message 112 to peer 0x138048000 (12 bytes)
1732587661.928345 sending message 112 to peer 0x138048000 (12 bytes)
1732587661.928349 sending message 112 to peer 0x138048000 (12 bytes)
1732587661.928354 sending message 112 to peer 0x138048000 (21 bytes)
1732587661.928358 sending message 112 to peer 0x138048000 (12 bytes)
1732587661.928362 sending message 112 to peer 0x138048000 (9 bytes)
1732587661.928367 sending message 112 to peer 0x138048000 (6 bytes)
1732587661.928371 sending message 112 to peer 0x138048000 (13 bytes)
1732587661.928375 sending message 112 to peer 0x138048000 (10 bytes)
1732587661.928380 sending message 112 to peer 0x138048000 (24 bytes)
1732587661.928384 sending message 112 to peer 0x138048000 (13 bytes)
1732587661.928388 sending message 112 to peer 0x138048000 (9 bytes)
1732587661.928393 sending message 112 to peer 0x138048000 (70 bytes)
1732587661.928397 sending message 112 to peer 0x138048000 (69 bytes)
1732587661.928402 sending message 112 to peer 0x138048000 (12 bytes)
1732587661.928406 sending message 112 to peer 0x138048000 (10 bytes)
1732587661.928411 sending message 112 to peer 0x138048000 (10 bytes)
1732587661.928415 sending message 112 to peer 0x138048000 (24 bytes)
1732587661.928420 sending message 112 to peer 0x138048000 (13 bytes)
1732587661.928424 sending message 112 to peer 0x138048000 (10 bytes)
1732587661.928429 sending message 112 to peer 0x138048000 (10 bytes)
1732587661.928433 sending message 112 to peer 0x138048000 (10 bytes)
1732587661.928437 sending message 112 to peer 0x138048000 (13 bytes)
1732587661.928442 sending message 112 to peer 0x138048000 (15 bytes)
1732587661.928446 sending message 112 to peer 0x138048000 (5 bytes)
1732587661.928453 sending message 104 to peer 0x138048000 (0 bytes)
1732587661.928458 sending message 110 to peer 0x138048000 (0 bytes)
1732587661.928463 sending message 107 to peer 0x138048000 (4 bytes)
1732587661.928467 sending message 105 to peer 0x138048000 (20 bytes)
1732587661.928472 sending message 105 to peer 0x138048000 (22 bytes)
1732587661.928476 sending message 105 to peer 0x138048000 (12 bytes)
1732587661.928480 sending message 105 to peer 0x138048000 (27 bytes)
1732587661.928485 sending message 105 to peer 0x138048000 (23 bytes)
1732587661.928489 sending message 105 to peer 0x138048000 (17 bytes)
1732587661.928494 sending message 105 to peer 0x138048000 (27 bytes)
1732587661.928498 sending message 105 to peer 0x138048000 (22 bytes)
1732587661.928503 sending message 105 to peer 0x138048000 (109 bytes)
1732587661.928507 sending message 105 to peer 0x138048000 (16 bytes)
1732587661.928512 sending message 105 to peer 0x138048000 (56 bytes)
1732587661.928516 sending message 105 to peer 0x138048000 (18 bytes)
1732587661.928521 sending message 105 to peer 0x138048000 (17 bytes)
1732587661.928525 sending message 105 to peer 0x138048000 (8 bytes)
1732587661.928529 sending message 105 to peer 0x138048000 (27 bytes)
1732587661.928534 sending message 105 to peer 0x138048000 (14 bytes)
1732587661.928538 sending message 105 to peer 0x138048000 (32 bytes)
1732587661.928543 sending message 105 to peer 0x138048000 (96 bytes)
1732587661.928548 sending message 105 to peer 0x138048000 (22 bytes)
1732587661.928552 sending message 105 to peer 0x138048000 (52 bytes)
1732587661.928556 sending message 105 to peer 0x138048000 (16 bytes)
1732587661.928571 sending message 105 to peer 0x138048000 (26 bytes)
1732587661.928576 sending message 105 to peer 0x138048000 (61 bytes)
1732587661.928581 sending message 105 to peer 0x138048000 (29 bytes)
1732587661.928585 sending message 105 to peer 0x138048000 (12 bytes)
1732587661.928590 sending message 105 to peer 0x138048000 (11 bytes)
1732587661.928595 sending message 105 to peer 0x138048000 (596 bytes)
1732587661.928600 sending message 105 to peer 0x138048000 (41 bytes)
1732587661.928604 sending message 105 to peer 0x138048000 (26 bytes)
1732587661.928608 sending message 105 to peer 0x138048000 (15 bytes)
1732587661.928613 sending message 105 to peer 0x138048000 (8 bytes)
1732587661.928617 sending message 105 to peer 0x138048000 (59 bytes)
1732587661.928622 sending message 105 to peer 0x138048000 (20 bytes)
1732587661.928626 sending message 105 to peer 0x138048000 (18 bytes)
1732587661.928630 sending message 105 to peer 0x138048000 (25 bytes)
1732587661.928635 sending message 105 to peer 0x138048000 (57 bytes)
1732587661.928639 sending message 105 to peer 0x138048000 (43 bytes)
1732587661.928644 sending message 105 to peer 0x138048000 (13 bytes)
1732587661.928648 sending message 105 to peer 0x138048000 (60 bytes)
1732587661.928652 sending message 105 to peer 0x138048000 (11 bytes)
1732587661.928657 sending message 105 to peer 0x138048000 (48 bytes)
1732587661.928661 sending message 105 to peer 0x138048000 (61 bytes)
1732587661.928666 sending message 105 to peer 0x138048000 (72 bytes)
1732587661.928670 sending message 105 to peer 0x138048000 (64 bytes)
1732587661.928678 sending message 105 to peer 0x138048000 (15 bytes)
1732587661.928683 sending message 105 to peer 0x138048000 (68 bytes)
1732587661.928688 sending message 105 to peer 0x138048000 (35 bytes)
1732587661.928692 sending message 105 to peer 0x138048000 (37 bytes)
1732587661.928696 sending message 105 to peer 0x138048000 (40 bytes)
1732587661.928701 sending message 105 to peer 0x138048000 (14 bytes)
1732587661.928705 sending message 105 to peer 0x138048000 (19 bytes)
1732587661.928710 sending message 105 to peer 0x138048000 (33 bytes)
1732587661.928714 sending message 105 to peer 0x138048000 (23 bytes)
1732587661.928718 sending message 105 to peer 0x138048000 (37 bytes)
1732587661.928723 sending message 105 to peer 0x138048000 (44 bytes)
1732587661.928727 sending message 105 to peer 0x138048000 (52 bytes)
1732587661.928731 sending message 105 to peer 0x138048000 (30 bytes)
1732587661.928736 sending message 105 to peer 0x138048000 (26 bytes)
1732587661.928740 sending message 105 to peer 0x138048000 (22 bytes)
1732587661.928745 sending message 105 to peer 0x138048000 (85 bytes)
1732587661.928749 sending message 105 to peer 0x138048000 (44 bytes)
1732587661.928753 sending message 105 to peer 0x138048000 (35 bytes)
1732587661.928758 sending message 105 to peer 0x138048000 (10 bytes)
1732587661.928762 sending message 105 to peer 0x138048000 (25 bytes)
1732587661.928766 sending message 106 to peer 0x138048000 (0 bytes)
1732587661.928854 sending message 200 to peer 0x138048000 (4 bytes)
1732587661.928862 client loop enter
1732587661.929157 peer 0x138048000 message 303
1732587661.929166 open write file 2 -
1732587661.929178 sending message 305 to peer 0x138048000 (8 bytes)
1732587661.929193 write check file 2
1732587661.929216 peer 0x138048000 message 304
1732587661.929221 write 58 to file 2
1732587661.929226 peer 0x138048000 message 203
1732587661.929231 file 2 58 bytes left
1732587661.929245 write check file 2
1732587661.929249 client loop exit
